<?xml version="1.0" encoding="UTF-8"?>
<testng-results skipped="0" failed="0" total="1" passed="1">
  <reporter-output>
  </reporter-output>
  <suite name="Default suite" duration-ms="12073" started-at="2018-06-13T13:05:39Z" finished-at="2018-06-13T13:05:51Z">
    <groups>
    </groups>
    <test name="Default test" duration-ms="12073" started-at="2018-06-13T13:05:39Z" finished-at="2018-06-13T13:05:51Z">
      <class name="driverfactory.AppTest">
        <test-method status="PASS" signature="start()[pri:0, instance:driverfactory.AppTest@62ee68d8]" name="start" duration-ms="12053" started-at="2018-06-13T18:35:39Z" finished-at="2018-06-13T18:35:51Z">
          <reporter-output>
          </reporter-output>
        </test-method> <!-- start -->
      </class> <!-- driverfactory.AppTest -->
    </test> <!-- Default test -->
  </suite> <!-- Default suite -->
</testng-results>
